<?xml version="1.0" encoding="UTF-8" ?>
<testsuite failures="0" time="0.508" errors="0" skipped="0" tests="3" name="org.springframework.batch.item.excel.mapping.BeanWrapperRowMapperTest">
  <properties>
    <property name="java.runtime.name" value="Java(TM) SE Runtime Environment"/>
    <property name="sun.boot.library.path" value="C:\STIS\bin\jdk1.7.0_80\jre\bin"/>
    <property name="java.vm.version" value="24.80-b11"/>
    <property name="user.country.format" value="KR"/>
    <property name="java.vm.vendor" value="Oracle Corporation"/>
    <property name="maven.multiModuleProjectDirectory" value="C:\STIS\workspace\spring-batch-excel"/>
    <property name="java.vendor.url" value="http://java.oracle.com/"/>
    <property name="path.separator" value=";"/>
    <property name="guice.disable.misplaced.annotation.check" value="true"/>
    <property name="java.vm.name" value="Java HotSpot(TM) 64-Bit Server VM"/>
    <property name="file.encoding.pkg" value="sun.io"/>
    <property name="user.script" value=""/>
    <property name="user.country" value="US"/>
    <property name="sun.java.launcher" value="SUN_STANDARD"/>
    <property name="sun.os.patch.level" value="Service Pack 1"/>
    <property name="java.vm.specification.name" value="Java Virtual Machine Specification"/>
    <property name="user.dir" value="C:\STIS\workspace\spring-batch-excel"/>
    <property name="java.runtime.version" value="1.7.0_80-b15"/>
    <property name="java.awt.graphicsenv" value="sun.awt.Win32GraphicsEnvironment"/>
    <property name="java.endorsed.dirs" value="C:\STIS\bin\jdk1.7.0_80\jre\lib\endorsed"/>
    <property name="os.arch" value="amd64"/>
    <property name="java.io.tmpdir" value="C:\Users\LGCNS\AppData\Local\Temp\"/>
    <property name="line.separator" value="
"/>
    <property name="java.vm.specification.vendor" value="Oracle Corporation"/>
    <property name="user.variant" value=""/>
    <property name="os.name" value="Windows 7"/>
    <property name="classworlds.conf" value="C:\STIS\workspace\.metadata\.plugins\org.eclipse.m2e.launching\launches\m2conf8021430672220612444.tmp"/>
    <property name="sun.jnu.encoding" value="MS949"/>
    <property name="java.library.path" value="C:\STIS\bin\jdk1.7.0_80\bin;C:\Windows\Sun\Java\bin;C:\Windows\system32;C:\Windows;C:\ProgramData\Oracle\Java\javapath;C:\Program Files (x86)\Intel\iCLS Client;C:\Program Files\Intel\iCLS Client;C:\Windows\system32;C:\Windows;C:\Windows\System32\Wbem;C:\Windows\System32\WindowsPowerShell\v1.0;C:\Program Files\Intel\Intel(R) Management Engine Components\DAL;C:\Program Files (x86)\Intel\Intel(R) Management Engine Components\DAL;C:\Program Files\Intel\Intel(R) Management Engine Components\IPT;C:\Program Files (x86)\Intel\Intel(R) Management Engine Components\IPT;C:\Program Files\Intel\WiFi\bin;C:\Program Files\Common Files\Intel\WirelessCommon;D:\MinGW\bin;D:\MinGW\msys\1.0\bin;D:\Python35;D:\Python35\libs;D:\Python35\Scripts;D:\Python35\DLLs;D:\oracle\instantclient_11_2;D:\SEHATI\bin\jdk1.7.0_79\bin;D:\51.Tools\git\cmd;D:\Python35\Scripts;C:\Program Files\dotnet\;C:\Program Files (x86)\Bitvise SSH Client;C:\Program Files\TortoiseSVN\bin;d:\node-v8.10.0-win-x64;D:\Python35;C:\Program Files (x86)\SoftForum\CSAgentClient;C:\Programs\Fiddler;."/>
    <property name="java.specification.name" value="Java Platform API Specification"/>
    <property name="java.class.version" value="51.0"/>
    <property name="sun.management.compiler" value="HotSpot 64-Bit Tiered Compilers"/>
    <property name="os.version" value="6.1"/>
    <property name="user.home" value="C:\Users\LGCNS"/>
    <property name="user.timezone" value="Asia/Seoul"/>
    <property name="java.awt.printerjob" value="sun.awt.windows.WPrinterJob"/>
    <property name="java.specification.version" value="1.7"/>
    <property name="file.encoding" value="UTF-8"/>
    <property name="user.name" value="LGCNS"/>
    <property name="java.class.path" value="/C:/STIS/eclipse/plugins/org.eclipse.m2e.maven.runtime_1.6.3.20160209-1444/jars/plexus-classworlds-2.5.2.jar"/>
    <property name="java.vm.specification.version" value="1.7"/>
    <property name="sun.arch.data.model" value="64"/>
    <property name="java.home" value="C:\STIS\bin\jdk1.7.0_80\jre"/>
    <property name="sun.java.command" value="org.codehaus.plexus.classworlds.launcher.Launcher -B -s C:\STIS\bin\maven\settings.xml install"/>
    <property name="java.specification.vendor" value="Oracle Corporation"/>
    <property name="user.language" value="en"/>
    <property name="user.language.format" value="ko"/>
    <property name="awt.toolkit" value="sun.awt.windows.WToolkit"/>
    <property name="java.vm.info" value="mixed mode"/>
    <property name="java.version" value="1.7.0_80"/>
    <property name="java.ext.dirs" value="C:\STIS\bin\jdk1.7.0_80\jre\lib\ext;C:\Windows\Sun\Java\lib\ext"/>
    <property name="sun.boot.class.path" value="C:\STIS\bin\jdk1.7.0_80\jre\lib\resources.jar;C:\STIS\bin\jdk1.7.0_80\jre\lib\rt.jar;C:\STIS\bin\jdk1.7.0_80\jre\lib\sunrsasign.jar;C:\STIS\bin\jdk1.7.0_80\jre\lib\jsse.jar;C:\STIS\bin\jdk1.7.0_80\jre\lib\jce.jar;C:\STIS\bin\jdk1.7.0_80\jre\lib\charsets.jar;C:\STIS\bin\jdk1.7.0_80\jre\lib\jfr.jar;C:\STIS\bin\jdk1.7.0_80\jre\classes"/>
    <property name="java.vendor" value="Oracle Corporation"/>
    <property name="maven.home" value="C:\STIS\workspace\spring-batch-excel\EMBEDDED"/>
    <property name="file.separator" value="\"/>
    <property name="java.vendor.url.bug" value="http://bugreport.sun.com/bugreport/"/>
    <property name="sun.cpu.endian" value="little"/>
    <property name="sun.io.unicode.encoding" value="UnicodeLittle"/>
    <property name="sun.desktop" value="windows"/>
    <property name="sun.cpu.isalist" value="amd64"/>
  </properties>
  <testcase time="0" classname="org.springframework.batch.item.excel.mapping.BeanWrapperRowMapperTest" name="givenNoNameWhenInitCompleteThenIllegalStateShouldOccur"/>
  <testcase time="0" classname="org.springframework.batch.item.excel.mapping.BeanWrapperRowMapperTest" name="givenAValidRowWhenMappingThenAValidPlayerShouldBeConstructed"/>
  <testcase time="0.508" classname="org.springframework.batch.item.excel.mapping.BeanWrapperRowMapperTest" name="givenAValidRowWhenMappingThenAValidPlayerShouldBeConstructedBasedOnPrototype"/>
</testsuite>